<?xml version="1.0" encoding="UTF-8"?>
<testsuite name="org.udemy.junit_app.models.AccountTest" tests="1" skipped="0" failures="0" errors="0" timestamp="2023-04-29T23:29:45" hostname="CO0C02GL0C9MD6P" time="0.016">
  <properties/>
  <testcase name="testNombreCuenta()" classname="org.udemy.junit_app.models.AccountTest" time="0.016"/>
  <system-out><![CDATA[]]></system-out>
  <system-err><![CDATA[]]></system-err>
</testsuite>
